2023-05-05 18:48:31 [INFO] root: leyendo archivo en la ruta ./2015_persistent_povert.csv (Line: 22)
2023-05-05 18:48:31 [INFO] root: renombrando columnas en el df con "-".join(['fipstxt', 'state', 'county_name', 'persistent_poverty', 'persistent_related_child', 'metro_nonmetro_status']) (Line: 40)
2023-05-05 18:49:09 [INFO] root: leyendo archivo en la ruta ./2015_persistent_povert.csv (Line: 22)
2023-05-05 18:49:09 [INFO] root: renombrando columnas en el df con fipstxt-state-county_name-persistent_poverty-persistent_related_child-metro_nonmetro_status (Line: 40)
2023-05-05 18:51:02 [INFO] root: leyendo archivo en la ruta ./2015_persistent_povert.cs (Line: 22)
2023-05-05 18:51:02 [ERROR] root: no se pudo leer el path: ./2015_persistent_povert.cs, [Errno 2] No such file or directory: './2015_persistent_povert.cs' (Line: 26)
2023-05-05 18:51:02 [INFO] root: renombrando columnas en el df con fipstxt-state-county_name-persistent_poverty-persistent_related_child-metro_nonmetro_status (Line: 40)
2023-05-05 18:51:02 [ERROR] root: No se pudo actualizar las columnas 'NoneType' object has no attribute 'columns' (Line: 44)
2023-05-05 18:51:40 [INFO] root: leyendo archivo en la ruta ./2015_persistent_povert.cs (Line: 22)
2023-05-05 18:51:40 [ERROR] root: no se pudo leer el path: ./2015_persistent_povert.cs, [Errno 2] No such file or directory: './2015_persistent_povert.cs' (Line: 26)
2023-05-05 18:52:43 [INFO] root: leyendo archivo en la ruta ./2015_persistent_povert.cs (Line: 22)
2023-05-05 18:52:43 [ERROR] root: no se pudo leer el path: ./2015_persistent_povert.cs, [Errno 2] No such file or directory: './2015_persistent_povert.cs' (Line: 26)
2023-05-05 18:52:43 [INFO] root: renombrando columnas en el df con fipstxt-state-county_name-persistent_poverty-persistent_related_child-metro_nonmetro_status (Line: 40)
2023-05-05 18:52:43 [ERROR] root: No se pudo actualizar las columnas 'NoneType' object has no attribute 'columns' (Line: 44)
2023-05-05 18:55:34 [INFO] root: leyendo archivo en la ruta ./2015_persistent_povert.cs (Line: 22)
2023-05-05 18:55:34 [ERROR] root: no se pudo leer el path: ./2015_persistent_povert.cs, [Errno 2] No such file or directory: './2015_persistent_povert.cs' (Line: 26)
2023-05-05 18:55:34 [INFO] root: renombrando columnas en el df con fipstxt-state-county_name-persistent_poverty-persistent_related_child-metro_nonmetro_status (Line: 40)
2023-05-05 18:55:34 [ERROR] root: No se pudo actualizar las columnas 'NoneType' object has no attribute 'columns' (Line: 44)
2023-05-05 18:55:43 [INFO] root: leyendo archivo en la ruta ./2015_persistent_povert.csv (Line: 22)
2023-05-05 18:55:43 [INFO] root: renombrando columnas en el df con fipstxt-state-county_name-persistent_poverty-persistent_related_child-metro_nonmetro_status (Line: 40)
2023-05-05 18:56:01 [INFO] root: leyendo archivo en la ruta ./2015_persistent_povert.csv (Line: 22)
2023-05-05 18:56:01 [INFO] root: renombrando columnas en el df con fipstxt-state-county_name-persistent_poverty-persistent_related_child-metro_nonmetro_status (Line: 40)
2023-05-05 18:57:57 [INFO] root: leyendo archivo en la ruta ./2015_persistent_povert.csv (Line: 22)
2023-05-05 18:57:57 [INFO] root: renombrando columnas en el df con fipstxt-state-county_name-persistent_poverty-persistent_related_child-metro_nonmetro_status (Line: 40)
2023-05-05 18:57:57 [INFO] root: Creando la columna fecha de proceso con la fecha {fecha_proceso} (Line: 59)
2023-05-05 18:58:59 [INFO] root: leyendo archivo en la ruta ./2015_persistent_povert.csv (Line: 22)
2023-05-05 18:58:59 [INFO] root: renombrando columnas en el df con fipstxt-state-county_name-persistent_poverty-persistent_related_child-metro_nonmetro_status (Line: 40)
2023-05-05 18:58:59 [INFO] root: Creando la columna fecha de proceso con la fecha 2023-05-05 18:58:59.343887 (Line: 59)
2023-05-05 19:05:56 [INFO] root: leyendo archivo en la ruta persistent_povert_path (Line: 22)
2023-05-05 19:05:56 [ERROR] root: no se pudo leer el path: persistent_povert_path, [Errno 2] No such file or directory: 'persistent_povert_path' (Line: 26)
2023-05-05 19:05:56 [INFO] root: renombrando columnas en el df con fipstxt-state-county_name-persistent_poverty-persistent_related_child-metro_nonmetro_status (Line: 40)
2023-05-05 19:05:56 [ERROR] root: No se pudo actualizar las columnas 'NoneType' object has no attribute 'columns' (Line: 44)
2023-05-05 19:05:56 [INFO] root: Creando la columna fecha de proceso con la fecha 2023-05-05 19:05:56.658578 (Line: 59)
2023-05-05 19:06:15 [INFO] root: leyendo archivo en la ruta ./2015_persistent_povert.csv (Line: 22)
2023-05-05 19:06:15 [INFO] root: renombrando columnas en el df con fipstxt-state-county_name-persistent_poverty-persistent_related_child-metro_nonmetro_status (Line: 40)
2023-05-05 19:06:15 [INFO] root: Creando la columna fecha de proceso con la fecha 2023-05-05 19:06:15.184977 (Line: 59)
2023-05-05 19:07:02 [INFO] root: leyendo archivo en la ruta ./2015_persistent_povert.csv (Line: 22)
2023-05-05 19:07:02 [INFO] root: renombrando columnas en el df con fipstxt-state-county_name-persistent_poverty-persistent_related_child-metro_nonmetro_status (Line: 40)
2023-05-05 19:07:02 [INFO] root: Creando la columna fecha de proceso con la fecha 2023-05-05 19:07:02.832673 (Line: 59)
2023-05-05 19:07:02 [INFO] root: leyendo archivo en la ruta ./county_typology_codes.csv (Line: 22)
2023-05-05 19:07:02 [INFO] root: renombrando columnas en el df con fipstxt-state-county_name-metro_nonmetro_status-economic_types-economic_type_label-farming_2015_update-Mining_2015-Update-manufacturing_2015_update-government_2015_update-recreation_2015_update-nonspecialized_2015_update-low_education_2015_update-low_employment_cnty_2008_2012_25_64-pop_loss_2010-retirement_dest_2015_update-persistent_poverty_2013-persistent_related_child_poverty_2013 (Line: 40)
2023-05-05 19:07:02 [INFO] root: Creando la columna fecha de proceso con la fecha 2023-05-05 19:07:02.842484 (Line: 59)
2023-05-05 19:11:04 [INFO] root: leyendo archivo en la ruta ./2015_persistent_povert.csv (Line: 22)
2023-05-05 19:11:04 [INFO] root: renombrando columnas en el df con fipstxt-state-county_name-persistent_poverty-persistent_related_child-metro_nonmetro_status (Line: 40)
2023-05-05 19:11:04 [INFO] root: Creando la columna fecha de proceso con la fecha 2023-05-05 19:11:04.228542 (Line: 59)
2023-05-05 19:11:04 [INFO] root: leyendo archivo en la ruta ./county_typology_codes.csv (Line: 22)
2023-05-05 19:11:04 [INFO] root: renombrando columnas en el df con fipstxt-state-county_name-metro_nonmetro_status-economic_types-economic_type_label-farming_2015_update-Mining_2015-Update-manufacturing_2015_update-government_2015_update-recreation_2015_update-nonspecialized_2015_update-low_education_2015_update-low_employment_cnty_2008_2012_25_64-pop_loss_2010-retirement_dest_2015_update-persistent_poverty_2013-persistent_related_child_poverty_2013 (Line: 40)
2023-05-05 19:11:04 [INFO] root: Creando la columna fecha de proceso con la fecha 2023-05-05 19:11:04.277659 (Line: 59)
2023-05-05 19:11:21 [INFO] root: leyendo archivo en la ruta ./2015_persistent_povert.csv (Line: 22)
2023-05-05 19:11:21 [INFO] root: renombrando columnas en el df con fipstxt-state-county_name-persistent_poverty-persistent_related_child-metro_nonmetro_status (Line: 40)
2023-05-05 19:11:21 [INFO] root: Creando la columna fecha de proceso con la fecha 2023-05-05 19:11:21.710062 (Line: 59)
2023-05-05 19:11:21 [INFO] root: leyendo archivo en la ruta ./county_typology_codes.csv (Line: 22)
2023-05-05 19:11:21 [INFO] root: renombrando columnas en el df con fipstxt-state-county_name-metro_nonmetro_status-economic_types-economic_type_label-farming_2015_update-Mining_2015-Update-manufacturing_2015_update-government_2015_update-recreation_2015_update-nonspecialized_2015_update-low_education_2015_update-low_employment_cnty_2008_2012_25_64-pop_loss_2010-retirement_dest_2015_update-persistent_poverty_2013-persistent_related_child_poverty_2013 (Line: 40)
2023-05-05 19:11:21 [INFO] root: Creando la columna fecha de proceso con la fecha 2023-05-05 19:11:21.718104 (Line: 59)
2023-05-05 19:11:33 [INFO] root: leyendo archivo en la ruta ./2015_persistent_povert.csv (Line: 22)
2023-05-05 19:11:33 [INFO] root: renombrando columnas en el df con fipstxt-state-county_name-persistent_poverty-persistent_related_child-metro_nonmetro_status (Line: 40)
2023-05-05 19:11:33 [INFO] root: Creando la columna fecha de proceso con la fecha 2023-05-05 19:11:33.465311 (Line: 59)
2023-05-05 19:11:33 [INFO] root: leyendo archivo en la ruta ./county_typology_codes.csv (Line: 22)
2023-05-05 19:11:33 [INFO] root: renombrando columnas en el df con fipstxt-state-county_name-metro_nonmetro_status-economic_types-economic_type_label-farming_2015_update-Mining_2015-Update-manufacturing_2015_update-government_2015_update-recreation_2015_update-nonspecialized_2015_update-low_education_2015_update-low_employment_cnty_2008_2012_25_64-pop_loss_2010-retirement_dest_2015_update-persistent_poverty_2013-persistent_related_child_poverty_2013 (Line: 40)
2023-05-05 19:11:33 [INFO] root: Creando la columna fecha de proceso con la fecha 2023-05-05 19:11:33.474612 (Line: 59)
2023-05-05 19:11:40 [INFO] root: leyendo archivo en la ruta ./2015_persistent_povert.csv (Line: 22)
2023-05-05 19:11:40 [INFO] root: renombrando columnas en el df con fipstxt-state-county_name-persistent_poverty-persistent_related_child-metro_nonmetro_status (Line: 40)
2023-05-05 19:11:40 [INFO] root: Creando la columna fecha de proceso con la fecha 2023-05-05 19:11:40.937462 (Line: 59)
2023-05-05 19:11:40 [INFO] root: leyendo archivo en la ruta ./county_typology_codes.csv (Line: 22)
2023-05-05 19:11:40 [INFO] root: renombrando columnas en el df con fipstxt-state-county_name-metro_nonmetro_status-economic_types-economic_type_label-farming_2015_update-Mining_2015-Update-manufacturing_2015_update-government_2015_update-recreation_2015_update-nonspecialized_2015_update-low_education_2015_update-low_employment_cnty_2008_2012_25_64-pop_loss_2010-retirement_dest_2015_update-persistent_poverty_2013-persistent_related_child_poverty_2013 (Line: 40)
2023-05-05 19:11:40 [INFO] root: Creando la columna fecha de proceso con la fecha 2023-05-05 19:11:40.943978 (Line: 59)
2023-05-05 19:15:47 [INFO] root: leyendo archivo en la ruta ./2015_persistent_povert.csv (Line: 22)
2023-05-05 19:15:47 [INFO] root: renombrando columnas en el df con fipstxt-state-county_name-persistent_poverty-persistent_related_child-metro_nonmetro_status (Line: 40)
2023-05-05 19:15:47 [INFO] root: Creando la columna fecha de proceso con la fecha 2023-05-05 19:15:47.082226 (Line: 59)
2023-05-05 19:15:47 [INFO] root: leyendo archivo en la ruta ./county_typology_codes.csv (Line: 22)
2023-05-05 19:15:47 [INFO] root: renombrando columnas en el df con fipstxt-state-county_name-metro_nonmetro_status-economic_types-economic_type_label-farming_2015_update-Mining_2015-Update-manufacturing_2015_update-government_2015_update-recreation_2015_update-nonspecialized_2015_update-low_education_2015_update-low_employment_cnty_2008_2012_25_64-pop_loss_2010-retirement_dest_2015_update-persistent_poverty_2013-persistent_related_child_poverty_2013 (Line: 40)
2023-05-05 19:15:47 [INFO] root: Creando la columna fecha de proceso con la fecha 2023-05-05 19:15:47.092573 (Line: 59)
2023-05-05 19:16:07 [INFO] root: leyendo archivo en la ruta ./2015_persistent_povert.csv (Line: 22)
2023-05-05 19:16:07 [INFO] root: renombrando columnas en el df con fipstxt-state-county_name-persistent_poverty-persistent_related_child-metro_nonmetro_status (Line: 40)
2023-05-05 19:16:07 [INFO] root: Creando la columna fecha de proceso con la fecha 2023-05-05 19:16:07.517360 (Line: 59)
2023-05-05 19:16:07 [INFO] root: leyendo archivo en la ruta ./county_typology_codes.csv (Line: 22)
2023-05-05 19:16:07 [INFO] root: renombrando columnas en el df con fipstxt-state-county_name-metro_nonmetro_status-economic_types-economic_type_label-farming_2015_update-Mining_2015-Update-manufacturing_2015_update-government_2015_update-recreation_2015_update-nonspecialized_2015_update-low_education_2015_update-low_employment_cnty_2008_2012_25_64-pop_loss_2010-retirement_dest_2015_update-persistent_poverty_2013-persistent_related_child_poverty_2013 (Line: 40)
2023-05-05 19:16:07 [INFO] root: Creando la columna fecha de proceso con la fecha 2023-05-05 19:16:07.525606 (Line: 59)
2023-05-05 19:16:40 [INFO] root: leyendo archivo en la ruta ./2015_persistent_povert.csv (Line: 22)
2023-05-05 19:16:40 [INFO] root: renombrando columnas en el df con fipstxt-state-county_name-persistent_poverty-persistent_related_child-metro_nonmetro_status (Line: 40)
2023-05-05 19:16:40 [INFO] root: Creando la columna fecha de proceso con la fecha 2023-05-05 19:16:40.834675 (Line: 59)
2023-05-05 19:16:40 [INFO] root: leyendo archivo en la ruta ./county_typology_codes.csv (Line: 22)
2023-05-05 19:16:40 [INFO] root: renombrando columnas en el df con fipstxt-state-county_name-metro_nonmetro_status-economic_types-economic_type_label-farming_2015_update-Mining_2015-Update-manufacturing_2015_update-government_2015_update-recreation_2015_update-nonspecialized_2015_update-low_education_2015_update-low_employment_cnty_2008_2012_25_64-pop_loss_2010-retirement_dest_2015_update-persistent_poverty_2013-persistent_related_child_poverty_2013 (Line: 40)
2023-05-05 19:16:40 [INFO] root: Creando la columna fecha de proceso con la fecha 2023-05-05 19:16:40.846612 (Line: 59)
2023-05-05 19:16:56 [INFO] root: leyendo archivo en la ruta ./2015_persistent_povert.csv (Line: 22)
2023-05-05 19:16:56 [INFO] root: renombrando columnas en el df con fipstxt-state-county_name-persistent_poverty-persistent_related_child-metro_nonmetro_status (Line: 40)
2023-05-05 19:16:56 [INFO] root: Creando la columna fecha de proceso con la fecha 2023-05-05 19:16:56.187246 (Line: 59)
2023-05-05 19:16:56 [INFO] root: leyendo archivo en la ruta ./county_typology_codes.csv (Line: 22)
2023-05-05 19:16:56 [INFO] root: renombrando columnas en el df con fipstxt-state-county_name-metro_nonmetro_status-economic_types-economic_type_label-farming_2015_update-Mining_2015-Update-manufacturing_2015_update-government_2015_update-recreation_2015_update-nonspecialized_2015_update-low_education_2015_update-low_employment_cnty_2008_2012_25_64-pop_loss_2010-retirement_dest_2015_update-persistent_poverty_2013-persistent_related_child_poverty_2013 (Line: 40)
2023-05-05 19:16:56 [INFO] root: Creando la columna fecha de proceso con la fecha 2023-05-05 19:16:56.194771 (Line: 59)
2023-05-05 19:18:33 [INFO] root: leyendo archivo en la ruta ./2015_persistent_povert.csv (Line: 22)
2023-05-05 19:18:33 [INFO] root: renombrando columnas en el df con fipstxt-state-county_name-persistent_poverty-persistent_related_child-metro_nonmetro_status (Line: 40)
2023-05-05 19:18:33 [INFO] root: Creando la columna fecha de proceso con la fecha 2023-05-05 19:18:33.855673 (Line: 59)
2023-05-05 19:18:33 [INFO] root: leyendo archivo en la ruta ./county_typology_codes.csv (Line: 22)
2023-05-05 19:18:33 [INFO] root: renombrando columnas en el df con fipstxt-state-county_name-metro_nonmetro_status-economic_types-economic_type_label-farming_2015_update-Mining_2015-Update-manufacturing_2015_update-government_2015_update-recreation_2015_update-nonspecialized_2015_update-low_education_2015_update-low_employment_cnty_2008_2012_25_64-pop_loss_2010-retirement_dest_2015_update-persistent_poverty_2013-persistent_related_child_poverty_2013 (Line: 40)
2023-05-05 19:18:33 [INFO] root: Creando la columna fecha de proceso con la fecha 2023-05-05 19:18:33.864400 (Line: 59)
2023-05-05 19:19:14 [INFO] root: leyendo archivo en la ruta ./2015_persistent_povert.csv (Line: 22)
2023-05-05 19:19:14 [INFO] root: renombrando columnas en el df con fipstxt-state-county_name-persistent_poverty-persistent_related_child-metro_nonmetro_status (Line: 40)
2023-05-05 19:19:14 [INFO] root: Creando la columna fecha de proceso con la fecha 2023-05-05 19:19:14.534797 (Line: 59)
2023-05-05 19:19:14 [INFO] root: leyendo archivo en la ruta ./county_typology_codes.csv (Line: 22)
2023-05-05 19:19:14 [INFO] root: renombrando columnas en el df con fipstxt-state-county_name-metro_nonmetro_status-economic_types-economic_type_label-farming_2015_update-Mining_2015-Update-manufacturing_2015_update-government_2015_update-recreation_2015_update-nonspecialized_2015_update-low_education_2015_update-low_employment_cnty_2008_2012_25_64-pop_loss_2010-retirement_dest_2015_update-persistent_poverty_2013-persistent_related_child_poverty_2013 (Line: 40)
2023-05-05 19:19:14 [INFO] root: Creando la columna fecha de proceso con la fecha 2023-05-05 19:19:14.542705 (Line: 59)
2023-05-05 19:20:13 [INFO] root: leyendo archivo en la ruta ./2015_persistent_povert.csv (Line: 22)
2023-05-05 19:20:13 [INFO] root: renombrando columnas en el df con fipstxt-state-county_name-persistent_poverty-persistent_related_child-metro_nonmetro_status (Line: 40)
2023-05-05 19:20:13 [INFO] root: Creando la columna fecha de proceso con la fecha 2023-05-05 19:20:13.431530 (Line: 59)
2023-05-05 19:20:13 [INFO] root: leyendo archivo en la ruta ./county_typology_codes.csv (Line: 22)
2023-05-05 19:20:13 [INFO] root: renombrando columnas en el df con fipstxt-state-county_name-metro_nonmetro_status-economic_types-economic_type_label-farming_2015_update-Mining_2015-Update-manufacturing_2015_update-government_2015_update-recreation_2015_update-nonspecialized_2015_update-low_education_2015_update-low_employment_cnty_2008_2012_25_64-pop_loss_2010-retirement_dest_2015_update-persistent_poverty_2013-persistent_related_child_poverty_2013 (Line: 40)
2023-05-05 19:20:13 [INFO] root: Creando la columna fecha de proceso con la fecha 2023-05-05 19:20:13.440793 (Line: 59)
